<?xml version="1.0" encoding="UTF-8"?>
<testsuite xmlns:xsi="http://www.w3.org/2001/XMLSchema-instance" xsi:noNamespaceSchemaLocation="https://maven.apache.org/surefire/maven-surefire-plugin/xsd/surefire-test-report.xsd" name="FastjsonGenderTest" time="0.09" tests="4" errors="0" skipped="0" failures="0">
  <properties>
[...]
</properties>
  <testcase name="serializeByName" classname="FastjsonGenderTest" time="0.018"/>
  <testcase name="roundTrip" classname="FastjsonGenderTest" time="0.01"/>
  <testcase name="deserializeByNameCaseInsensitive" classname="FastjsonGenderTest" time="0"/>
  <testcase name="deserializeByCode" classname="FastjsonGenderTest" time="0.001"/>
</testsuite>